c:\users\mvins\documents\resume\computer programs referenced in the resume\c\cop1220\programs\dynamicc\dynamicc\debug\dynamicc.pch
c:\users\mvins\documents\resume\computer programs referenced in the resume\c\cop1220\programs\dynamicc\dynamicc\debug\vc141.pdb
c:\users\mvins\documents\resume\computer programs referenced in the resume\c\cop1220\programs\dynamicc\dynamicc\debug\vc141.idb
c:\users\mvins\documents\resume\computer programs referenced in the resume\c\cop1220\programs\dynamicc\dynamicc\debug\stdafx.obj
c:\users\mvins\documents\resume\computer programs referenced in the resume\c\cop1220\programs\dynamicc\dynamicc\debug\dynamicc.obj
c:\users\mvins\documents\resume\computer programs referenced in the resume\c\cop1220\programs\dynamicc\dynamicc\debug\dynamicc.exe.embed.manifest
c:\users\mvins\documents\resume\computer programs referenced in the resume\c\cop1220\programs\dynamicc\dynamicc\debug\dynamicc.exe.intermediate.manifest
c:\users\mvins\documents\resume\computer programs referenced in the resume\c\cop1220\programs\dynamicc\dynamicc\debug\dynamicc.exe.embed.manifest.res
c:\users\mvins\documents\resume\computer programs referenced in the resume\c\cop1220\programs\dynamicc\dynamicc\debug\vc90.idb
c:\users\mvins\documents\resume\computer programs referenced in the resume\c\cop1220\programs\dynamicc\dynamicc\debug\vc90.pdb
c:\users\mvins\documents\resume\computer programs referenced in the resume\c\cop1220\programs\dynamicc\debug\dynamicc.pdb
c:\users\mvins\documents\resume\computer programs referenced in the resume\c\cop1220\programs\dynamicc\dynamicc\debug\dynamicc.tlog\cl.command.1.tlog
c:\users\mvins\documents\resume\computer programs referenced in the resume\c\cop1220\programs\dynamicc\dynamicc\debug\dynamicc.tlog\cl.read.1.tlog
c:\users\mvins\documents\resume\computer programs referenced in the resume\c\cop1220\programs\dynamicc\dynamicc\debug\dynamicc.tlog\cl.write.1.tlog
c:\users\mvins\documents\resume\computer programs referenced in the resume\c\cop1220\programs\dynamicc\dynamicc\debug\dynamicc.tlog\link-cvtres.read.1.tlog
c:\users\mvins\documents\resume\computer programs referenced in the resume\c\cop1220\programs\dynamicc\dynamicc\debug\dynamicc.tlog\link-cvtres.write.1.tlog
c:\users\mvins\documents\resume\computer programs referenced in the resume\c\cop1220\programs\dynamicc\dynamicc\debug\dynamicc.tlog\link-rc.read.1.tlog
c:\users\mvins\documents\resume\computer programs referenced in the resume\c\cop1220\programs\dynamicc\dynamicc\debug\dynamicc.tlog\link-rc.write.1.tlog
c:\users\mvins\documents\resume\computer programs referenced in the resume\c\cop1220\programs\dynamicc\dynamicc\debug\dynamicc.tlog\link.command.1.tlog
c:\users\mvins\documents\resume\computer programs referenced in the resume\c\cop1220\programs\dynamicc\dynamicc\debug\dynamicc.tlog\link.read.1.tlog
c:\users\mvins\documents\resume\computer programs referenced in the resume\c\cop1220\programs\dynamicc\dynamicc\debug\dynamicc.tlog\link.write.1.tlog
